[debug] [2018-06-28T04:27:13.615Z] ----------------------------------------------------------------------
[debug] [2018-06-28T04:27:13.617Z] Command:       /usr/local/bin/node /usr/local/bin/firebase deploy --only functions:listContacts
[debug] [2018-06-28T04:27:13.617Z] CLI Version:   3.18.4
[debug] [2018-06-28T04:27:13.617Z] Platform:      darwin
[debug] [2018-06-28T04:27:13.617Z] Node Version:  v10.0.0
[debug] [2018-06-28T04:27:13.617Z] Time:          Wed Jun 27 2018 23:27:13 GMT-0500 (CDT)
[debug] [2018-06-28T04:27:13.617Z] ----------------------------------------------------------------------
[debug] 
[debug] [2018-06-28T04:27:13.629Z] > command requires scopes: ["email","openid","https://www.googleapis.com/auth/cloudplatformprojects.readonly","https://www.googleapis.com/auth/firebase","https://www.googleapis.com/auth/cloud-platform"]
[debug] [2018-06-28T04:27:13.629Z] > authorizing via signed-in user
[debug] [2018-06-28T04:27:13.630Z] > refreshing access token with scopes: ["email","https://www.googleapis.com/auth/cloud-platform","https://www.googleapis.com/auth/cloudplatformprojects.readonly","https://www.googleapis.com/auth/firebase","openid"]
[debug] [2018-06-28T04:27:13.631Z] >>> HTTP REQUEST POST https://www.googleapis.com/oauth2/v3/token  
 { refresh_token: '1/DxNOlK57LcjSrhV9OATklLXOKIAy_qB5d8NBA3fZ2l0fnl2uztS3Hc992JMAOiS_',
  client_id: '563584335869-fgrhgmd47bqnekij5i8b5pr03ho849e6.apps.googleusercontent.com',
  client_secret: 'j9iVZfS8kkCEFUPaAeJV0sAi',
  grant_type: 'refresh_token',
  scope: 'email https://www.googleapis.com/auth/cloud-platform https://www.googleapis.com/auth/cloudplatformprojects.readonly https://www.googleapis.com/auth/firebase openid' } 
 Wed Jun 27 2018 23:27:13 GMT-0500 (CDT)
[debug] [2018-06-28T04:27:13.966Z] <<< HTTP RESPONSE 200
[debug] [2018-06-28T04:27:13.973Z] >>> HTTP REQUEST GET https://admin.firebase.com/v1/projects/bloo-61290  
  
 Wed Jun 27 2018 23:27:13 GMT-0500 (CDT)
[debug] [2018-06-28T04:27:14.634Z] <<< HTTP RESPONSE 200
[debug] [2018-06-28T04:27:14.635Z] >>> HTTP REQUEST GET https://admin.firebase.com/v1/database/bloo-61290/tokens  
  
 Wed Jun 27 2018 23:27:14 GMT-0500 (CDT)
[debug] [2018-06-28T04:27:15.005Z] <<< HTTP RESPONSE 200
[info] 
[info] === Deploying to 'bloo-61290'...
[info] 
[info] i  deploying functions
[info] ✔  functions: Finished running predeploy script.
[debug] [2018-06-28T04:27:17.636Z] > [functions] package.json contents: {
  "name": "functions",
  "description": "Cloud Functions for Firebase",
  "scripts": {
    "lint": "eslint .",
    "serve": "firebase serve --only functions",
    "shell": "firebase functions:shell",
    "start": "npm run shell",
    "deploy": "firebase deploy --only functions",
    "logs": "firebase functions:log"
  },
  "dependencies": {
    "body-parser": "1.18.3",
    "cors": "2.8.4",
    "dnsimple": "2.7.0",
    "express": "4.16.3",
    "firebase-admin": "~5.12.0",
    "firebase-functions": "^1.0.1",
    "request": "2.87.0"
  },
  "devDependencies": {
    "eslint": "^4.12.0",
    "eslint-plugin-promise": "^3.6.0"
  },
  "private": true
}
[info] i  functions: ensuring necessary APIs are enabled...
[debug] [2018-06-28T04:27:17.636Z] >>> HTTP REQUEST GET https://servicemanagement.googleapis.com/v1/services/cloudfunctions.googleapis.com/projectSettings/bloo-61290?view=CONSUMER_VIEW  
  
 Wed Jun 27 2018 23:27:17 GMT-0500 (CDT)
[debug] [2018-06-28T04:27:17.637Z] >>> HTTP REQUEST GET https://servicemanagement.googleapis.com/v1/services/runtimeconfig.googleapis.com/projectSettings/bloo-61290?view=CONSUMER_VIEW  
  
 Wed Jun 27 2018 23:27:17 GMT-0500 (CDT)
[debug] [2018-06-28T04:27:18.244Z] <<< HTTP RESPONSE 200
[debug] [2018-06-28T04:27:18.294Z] <<< HTTP RESPONSE 200
[info] ✔  functions: all necessary APIs are enabled
[debug] [2018-06-28T04:27:18.295Z] >>> HTTP REQUEST GET https://cloudresourcemanager.googleapis.com/v1/projects/bloo-61290  
  
 Wed Jun 27 2018 23:27:18 GMT-0500 (CDT)
[debug] [2018-06-28T04:27:18.613Z] <<< HTTP RESPONSE 200
[debug] [2018-06-28T04:27:18.614Z] >>> HTTP REQUEST GET https://mobilesdk-pa.googleapis.com/v1/projects/832706734806:getServerAppConfig  
  
 Wed Jun 27 2018 23:27:18 GMT-0500 (CDT)
[debug] [2018-06-28T04:27:19.144Z] <<< HTTP RESPONSE 200
[info] i  functions: preparing functions directory for uploading...
[debug] [2018-06-28T04:27:19.146Z] >>> HTTP REQUEST GET https://runtimeconfig.googleapis.com/v1beta1/projects/bloo-61290/configs  
  
 Wed Jun 27 2018 23:27:19 GMT-0500 (CDT)
[debug] [2018-06-28T04:27:19.501Z] <<< HTTP RESPONSE 200
[debug] [2018-06-28T04:27:19.502Z] >>> HTTP REQUEST GET https://runtimeconfig.googleapis.com/v1beta1/projects/bloo-61290/configs/dnsimple/variables  
  
 Wed Jun 27 2018 23:27:19 GMT-0500 (CDT)
[debug] [2018-06-28T04:27:19.734Z] <<< HTTP RESPONSE 200
[debug] [2018-06-28T04:27:19.734Z] >>> HTTP REQUEST GET https://runtimeconfig.googleapis.com/v1beta1/projects/bloo-61290/configs/dnsimple/variables/access  
  
 Wed Jun 27 2018 23:27:19 GMT-0500 (CDT)
[debug] [2018-06-28T04:27:19.961Z] <<< HTTP RESPONSE 200
[info] i  functions: packaged functions (52.62 KB) for uploading
[debug] [2018-06-28T04:27:20.489Z] >>> HTTP REQUEST POST https://cloudfunctions.googleapis.com/v1/projects/bloo-61290/locations/us-central1/functions:generateUploadUrl  
  
 Wed Jun 27 2018 23:27:20 GMT-0500 (CDT)
[debug] [2018-06-28T04:27:21.424Z] <<< HTTP RESPONSE 200
[debug] [2018-06-28T04:27:21.424Z] >>> HTTP REQUEST PUT https://storage.googleapis.com/gcf-upload-us-central1-3482f2b5-7108-4c8f-9ca2-53efbed4f61f/61692217-c7f0-4d32-b8f8-cf256a3c232f.zip?GoogleAccessId=service-832706734806@gcf-admin-robot.iam.gserviceaccount.com&Expires=1530161841&Signature=HmrcH4iVcqXMvBj1k33Ogl397TL3b3v3vnjtfAXzDy93XTTolkVyDPVBke6i0fe%2FnlXIQxWDNNOjrPT2puuEsn%2BiO2Qww6g1CNCvdBnnZTKMVGCXrDcjIRxViRsyGMLeUZe52AsOs%2BoWiXulCPnfdsOsRd68JuCP4bzuvGWolC%2BziU4hqEegPh5RGdTzvkaVZ0QbstWq0a0PdRzJOI2VWkcK7W21MiPXRUfOoB1dHg7oVxnh8eHUFh7dkN7I1NpMQUJt%2BDOh63N70xa4S%2FOurVySVEw8riL8bOnjSAaricFdpVUx1WBLK%2B43NcnSdgTT6Y6x34rLttKlveKcOc7h5w%3D%3D  
 ReadStream {
  _readableState: 
   ReadableState {
     objectMode: false,
     highWaterMark: 65536,
     buffer: BufferList { length: 1 },
     length: 53878,
     pipes: null,
     pipesCount: 0,
     flowing: null,
     ended: true,
     endEmitted: false,
     reading: false,
     errorEmitted: false,
     sync: false,
     needReadable: false,
     emittedReadable: true,
     readableListening: false,
     resumeScheduled: false,
     emitClose: false,
     destroyed: false,
     defaultEncoding: 'utf8',
     awaitDrain: 0,
     readingMore: false,
     decoder: null,
     encoding: null },
  readable: true,
  domain: null,
  _events: { end: [Function] },
  _eventsCount: 1,
  _maxListeners: undefined,
  path: '/var/folders/v1/cv38x9rs7739wgs3_f132wg40000gn/T/firebase-functions-77627qSbrSWxOoWhV.zip',
  fd: 19,
  flags: 'r',
  mode: 438,
  start: undefined,
  end: Infinity,
  autoClose: true,
  pos: undefined,
  bytesRead: 53878,
  closed: false } 
 Wed Jun 27 2018 23:27:21 GMT-0500 (CDT)
[debug] [2018-06-28T04:27:22.430Z] <<< HTTP RESPONSE 200
[info] ✔  functions: functions folder uploaded successfully
[debug] [2018-06-28T04:27:22.431Z] >>> HTTP REQUEST GET https://cloudfunctions.googleapis.com/v1/projects/bloo-61290/locations/us-central1/functions  
  
 Wed Jun 27 2018 23:27:22 GMT-0500 (CDT)
[debug] [2018-06-28T04:27:22.834Z] <<< HTTP RESPONSE 200
[debug] [2018-06-28T04:27:22.836Z] > [functions] filtering triggers to: [
  "listContacts"
]
[info] i  functions: current functions in project: acceptPendingPush, accountDetails, addCollaborator, checkDomainAvailability, createDomain, createEmailForward, deleteDomain, initiateDomainPush, listAccountPushes, listAccounts, listCollaborators, listDomain, listDomains, listEmailForward, listEmailForwards, rejectPendingPush, removeCollaborator, removeEmailForward
[info] i  functions: uploading functions in project: listContacts
[info] i  functions: creating function listContacts...
[debug] [2018-06-28T04:27:22.841Z] Trigger is:  {"httpsTrigger":{}}
[debug] [2018-06-28T04:27:22.842Z] >>> HTTP REQUEST POST https://cloudfunctions.googleapis.com/v1/projects/bloo-61290/locations/us-central1/functions  
 { sourceUploadUrl: 'https://storage.googleapis.com/gcf-upload-us-central1-3482f2b5-7108-4c8f-9ca2-53efbed4f61f/61692217-c7f0-4d32-b8f8-cf256a3c232f.zip?GoogleAccessId=service-832706734806@gcf-admin-robot.iam.gserviceaccount.com&Expires=1530161841&Signature=HmrcH4iVcqXMvBj1k33Ogl397TL3b3v3vnjtfAXzDy93XTTolkVyDPVBke6i0fe%2FnlXIQxWDNNOjrPT2puuEsn%2BiO2Qww6g1CNCvdBnnZTKMVGCXrDcjIRxViRsyGMLeUZe52AsOs%2BoWiXulCPnfdsOsRd68JuCP4bzuvGWolC%2BziU4hqEegPh5RGdTzvkaVZ0QbstWq0a0PdRzJOI2VWkcK7W21MiPXRUfOoB1dHg7oVxnh8eHUFh7dkN7I1NpMQUJt%2BDOh63N70xa4S%2FOurVySVEw8riL8bOnjSAaricFdpVUx1WBLK%2B43NcnSdgTT6Y6x34rLttKlveKcOc7h5w%3D%3D',
  name: 'projects/bloo-61290/locations/us-central1/functions/listContacts',
  entryPoint: 'listContacts',
  labels: { 'deployment-tool': 'cli-firebase' },
  httpsTrigger: {} } 
 Wed Jun 27 2018 23:27:22 GMT-0500 (CDT)
[debug] [2018-06-28T04:27:23.263Z] <<< HTTP RESPONSE 200
[debug] [2018-06-28T04:27:23.265Z] >>> HTTP REQUEST GET https://cloudfunctions.googleapis.com/v1/projects/bloo-61290/locations/us-central1/functions  
  
 Wed Jun 27 2018 23:27:23 GMT-0500 (CDT)
[debug] [2018-06-28T04:27:23.645Z] <<< HTTP RESPONSE 200
[debug] [2018-06-28T04:27:23.647Z] >>> HTTP REQUEST GET https://cloudfunctions.googleapis.com/v1/operations/Ymxvby02MTI5MC91cy1jZW50cmFsMS9saXN0Q29udGFjdHMvcDVJY3RmSXNEb0U  
  
 Wed Jun 27 2018 23:27:23 GMT-0500 (CDT)
[debug] [2018-06-28T04:27:23.963Z] <<< HTTP RESPONSE 200
[debug] [2018-06-28T04:27:25.965Z] >>> HTTP REQUEST GET https://cloudfunctions.googleapis.com/v1/operations/Ymxvby02MTI5MC91cy1jZW50cmFsMS9saXN0Q29udGFjdHMvcDVJY3RmSXNEb0U  
  
 Wed Jun 27 2018 23:27:25 GMT-0500 (CDT)
[debug] [2018-06-28T04:27:26.243Z] <<< HTTP RESPONSE 200
[debug] [2018-06-28T04:27:28.250Z] >>> HTTP REQUEST GET https://cloudfunctions.googleapis.com/v1/operations/Ymxvby02MTI5MC91cy1jZW50cmFsMS9saXN0Q29udGFjdHMvcDVJY3RmSXNEb0U  
  
 Wed Jun 27 2018 23:27:28 GMT-0500 (CDT)
[debug] [2018-06-28T04:27:28.493Z] <<< HTTP RESPONSE 200
[debug] [2018-06-28T04:27:30.494Z] >>> HTTP REQUEST GET https://cloudfunctions.googleapis.com/v1/operations/Ymxvby02MTI5MC91cy1jZW50cmFsMS9saXN0Q29udGFjdHMvcDVJY3RmSXNEb0U  
  
 Wed Jun 27 2018 23:27:30 GMT-0500 (CDT)
[debug] [2018-06-28T04:27:31.273Z] <<< HTTP RESPONSE 200
[debug] [2018-06-28T04:27:33.279Z] >>> HTTP REQUEST GET https://cloudfunctions.googleapis.com/v1/operations/Ymxvby02MTI5MC91cy1jZW50cmFsMS9saXN0Q29udGFjdHMvcDVJY3RmSXNEb0U  
  
 Wed Jun 27 2018 23:27:33 GMT-0500 (CDT)
[debug] [2018-06-28T04:27:33.491Z] <<< HTTP RESPONSE 200
[debug] [2018-06-28T04:27:35.492Z] >>> HTTP REQUEST GET https://cloudfunctions.googleapis.com/v1/operations/Ymxvby02MTI5MC91cy1jZW50cmFsMS9saXN0Q29udGFjdHMvcDVJY3RmSXNEb0U  
  
 Wed Jun 27 2018 23:27:35 GMT-0500 (CDT)
[debug] [2018-06-28T04:27:35.773Z] <<< HTTP RESPONSE 200
[debug] [2018-06-28T04:27:37.778Z] >>> HTTP REQUEST GET https://cloudfunctions.googleapis.com/v1/operations/Ymxvby02MTI5MC91cy1jZW50cmFsMS9saXN0Q29udGFjdHMvcDVJY3RmSXNEb0U  
  
 Wed Jun 27 2018 23:27:37 GMT-0500 (CDT)
